<?xml version="1.0" encoding="UTF-8"?>
<!-- Generated by org.testng.reporters.JUnitReportReporter -->
<testsuite hostname="DESKTOP-SGFIFQM" failures="0" tests="1" name="contacts.TC_VT_002_Test" time="8.770" errors="0" timestamp="2025-05-26T15:17:01 IST" skipped="0">
  <testcase classname="contacts.TC_VT_002_Test" name="createContact" time="8.770"/>
</testsuite> <!-- contacts.TC_VT_002_Test -->
