<?xml version="1.0" encoding="UTF-8"?>
<!-- Generated by org.testng.reporters.JUnitReportReporter -->
<testsuite hostname="DESKTOP-SGFIFQM" failures="0" tests="1" name="organization.TC_VT_003_Test" time="11.728" errors="0" timestamp="2025-05-26T14:40:58 IST" skipped="0">
  <testcase classname="organization.TC_VT_003_Test" name="clickOnOrganization" time="11.728"/>
</testsuite> <!-- organization.TC_VT_003_Test -->
