<?xml version="1.0" encoding="UTF-8"?>
<!-- Generated by org.testng.reporters.JUnitReportReporter -->
<testsuite hostname="DESKTOP-SGFIFQM" failures="0" tests="1" name="contacts.TC_VT_001_Test" time="11.747" errors="0" timestamp="2025-05-26T11:32:46 IST" skipped="0">
  <testcase classname="contacts.TC_VT_001_Test" name="clickOnContacts" time="11.747"/>
</testsuite> <!-- contacts.TC_VT_001_Test -->
